===  FlightPeriod
===  FlightDateStatus
===  PublicationFlightPeriod
===   CmdInstantiateFlightDates : public COM::CmdAbstract 
===  CoverTestCmdInstantiateFlightDates
===  ScheduleChange
===  FlightPeriod
===  PublicationStatus
===  FlightDateStatus
===   CmdUpdateInventorySchedule : public COM::CmdAbstract 
===  CoverTestCmdUpdateInventorySchedule
===   CmdPublishFsrBatch : public CmdPublishProcessBatch 
===  PublicationTarget
===  MsiFullSchedulePublication
===  BoiFullSchedulePublication
===  FlightPeriod
===  Flight
===  SSIMFileBuffer
===   CmdFullSchedulePublication : COM::CmdAbstract 
===  CoverTestCmdFullSchedulePublication
===   CmdDmSKDHISForwarder: public CmdForwardPub_OHF 
===  ScheduleChange
===  FlightPeriod
===  FlightDateStatus
===   CmdPublishOprSC : public COM::CmdAbstract 
===  CoverTestCmdPublishOprSC
===   CmdPubManagePublicationTarget : public COM::CmdAbstract 
===  CoverTestCmdPubManagePublicationTarget
===  ExternalSystem
===  ExternalSystem
===   CmdRequestExternalSystem : public COM::CmdAbstract 
===   CmdDmSSIM8Forwarder_OHF : public SKD::CmdForwardPub_OHF 
===  UP_Date
===  FlightPeriod
===  FlightDateStatus
===  MsiPRXFlightDate
===   CmdPublishOprFP : public COM::CmdAbstract 
===  QueuedMessage
===  ScheduleChange
===  ScheduleChangeGroup
===  FlightDateStatus
===   CmdDmPublisher_OHF : public COM::DaemonOTFDequeuer 
===  CoverTestCmdDmPublisher
===  AirlineFilter : public COM::DaemonAirlineFilter   
===  FlightPeriod
===  PublicationStatus
===  BoiFlightPeriodToPublish
===   CmdPublishSsmAsmListFP : public CmdPublishProcessListFP 
===  BoiPubFlightPeriod
===  BoiPubSCInterface
===  FlightDateStatus
===  MsiPRXFlightDateIdGeneric
===  PublicationFlightPeriod
===  PublicationStatus
===   CmdPubToFLD : public COM::CmdAbstract 
===  CoverTestCmdPubToFLD
===  FlightDateStatus
===  CmdPubController: public COM::CmdAbstract 
===  CoverTestCmdPubController
===  Flix
===  FlightPeriod
===   CmdRequestFlix : public COM::CmdAbstract 
===   CmdDmMESWForwarder_OHF : public SKD::CmdForwardPub_OHF 
===  PubMsgBuffer
===  CmdPubToSystemsCommon: public COM::CmdAbstract 
===  ScheduleChange
===  FlightPeriod
===  PublicationStatus
===   CmdPublishProcessSC : public CmdPublishProcess 
===  FlightPeriod
===  FlightDateStatus
===  PublicationFlightPeriod
===   CmdRecapToFld : public COM::CmdAbstract 
===  BoiPubSCInterface
===  PublicationFlightPeriod
===   CmdPubToJDS : public CmdPubToSystemsCommon 
===  UP_Date
===  PublicationTarget
===  FlightPeriod
===  PublicationStatus
===  BoiFlightPeriodToPublish
===   CmdPublishProcessListFP : public CmdPublishProcess 
===  QueuedMessage
===  MsiAbstractORG
===  MsiEDIDeleteSSIM7Files
===  MsiEDIFullSchedulePublication
===   CmdDmSSIM7FullPub_OHF : public COM::DaemonOTFDequeuer 
===  CoverTestCmdDmSSIM7FullPub
===  AirlineFilter : public COM::DaemonAirlineFilter   
===   CmdManageMVT : public COM::CmdAbstract 
===  FlightPeriod
===  PublicationStatus
===  BoiFlightPeriodToPublish
===   CmdPublishSsmListFP : public CmdPublishProcessListFP 
===  EDI_Message
===  FldFlightNumber
===  FldDate
===  FldNGIActionType
===  Period
===  FldSKDChangeReason
===  PublicationTarget
===  BookingClassFilter
===  SSIMFileBuffer
===  ScheduleChange
===  FlightPeriod
===  Flight
===  FlightDateStatus
===  Flix
===  PublicationStatus
===  FldPublicationActionType
===  SSIMBuffer
===  BoiFlightPeriodToPublish
===  MseMsgGenericTTY
===  CmdPublicationManager : public SKD::CmdPublicationManagerDB, public SKO::CmdPublicationManager 
===  CoverTestCmdPublicationManager
===  ScheduleChange
===  BoiFlightPeriodToPublish
===  PublicationFlightPeriod
===   CmdPublishProcessFP : public CmdPublishProcess 
===  CmdNotifySkdPotentialUpdateToFld : public COM::CmdAbstract 
===  CoverTestCmdNotifySkdPotentialUpdateToFld
===  BoiPubSCInterface
===   CmdPubManageReacc : public COM::CmdAbstract 
===  FldString
===  FlightDateStatus
===  MsiReplayInventoryUpdate
===  BoiRetrieveInventoryUpdateErr
===  PublicationFlightPeriod
===  BoiPubFlightPeriod
===  CmdReplayInventoryUpdate : public COM::CmdAbstract 
===  CoverTestCmdReplayInventoryUpdate
===   CmdPublishSsim7FP : public CmdPublishProcessFP 
===  FldContentType
===  ScheduleChange
===  FlightDateStatus
===  PublicationStatus
===  CmdDaemonForwardUpdInv
===   CmdReceiveFlightDateStatus : public COM::CmdAbstract 
===  CoverTestCmdReceiveFlightDateStatus
===  CmdDaemonForwardUpdInv
===  FlightPeriod
===  PublicationStatus
===  BoiFlightPeriodToPublish
===   CmdPublishSsim7ListFP : public CmdPublishProcessListFP 
===   CmdDmJDSForwarder: public CmdForwardPub_OHF 
===  FlightDateStatus
===  PublicationStatus
===   CmdPublicationManagerDB : public COM::CmdAbstract 
===  CoverTestCmdPublicationManagerDB
===  UP_Date
===  FlightPeriod
===  FlightDateStatus
===  MsiPRXFlightDate
===   CmdFeedInventoryFlightDate : public COM::CmdAbstract 
===  FldDate
===  FldFlightNumber
===  FldInt
===  FldString
===  Period
===  PublicationTarget
===  FlightRange
===  BoiPubFlightPeriod
===  BoiSendRecap
===  BoiSkdJobConsumer
===  FldPublicationActionType
===  Flight
===  FlightPeriod
===  MsiSendScheduleRecap
===  PublicationFlightPeriod
===  PublicationStatus
===   CmdSendRecap : public COM::CmdAbstract 
===  CoverTestCmdSendRecap
===  BoiRetrieveSSIM7Files
===  MsiRetrieveSSIM7Files
===  BoiDeleteSsim7File
===  MsiDeleteSSIM7Files
===  MsiFlight
===   CmdManageSsim7File : public COM::CmdAbstract 
===  CmdSender 
===   CmdPublishJdsFP : public CmdPublishProcessFP 
===   CmdSendMail : public COM::CmdAbstract 
===  CoverTestCmdSendMail
===   pipe   
===  EDI_Message
===  FldSKDChangeReason
===  CmdPublishSsmAsmSC
===  CmdPublishSsmSC
===  CmdPublishSsim8SC
===  CmdPublishJdsSC
===  CmdPublishSsmFP
===  CmdPublishSsmAsmFP
===  CmdPublishSsim7FP
===  CmdPublishSsim8FP
===  CmdPublishJdsFP
===  CmdPublishSsmListFP
===  CmdPublishSsmAsmListFP
===  CmdPublishSsim7ListFP
===  CmdPublishSsim8ListFP
===  CmdPublishJdsListFP
===  CmdPublishFsrSC
===  CmdPublishFsrBatch
===  ScheduleChange
===  PublicationStatus
===  FlightPeriod
===  FldPublicationActionType
===  SSIMBuffer
===  CmdPublishProcessFP
===  CmdPublishProcessListFP
===  CmdPublishProcessSC
===  BoiFlightPeriodToPublish
===  SSIMFileBuffer
===   CmdPublishProcess : public COM::CmdAbstract 
===  QueuedMessage
===  CmdDmRecap_OHF  : public CmdDmPublisher_OHF 
===  CoverTestCmdDmRecap
===  FlightPeriod
===  PublicationStatus
===  BoiFlightPeriodToPublish
===  CmdPublishJdsListFP : public CmdPublishProcessListFP 
===  FldNGIActionType
===  FldPublicationActionType
===   CmdPublishSsmSC : public CmdPublishProcessSC 
===  FldNGIActionType
===  FldPublicationActionType
===   CmdPublishSsmAsmSC : public CmdPublishProcessSC 
===  FldNGIActionType
===  FldPublicationActionType
===   CmdPublishFsrSC : public CmdPublishProcessSC 
===  FlightDateId
===  QueuedMessage
===  ScheduleChange
===  FlightDateStatus
===  PublicationStatus
===   CmdDmReceiveFlightDateStatus_OHF : public COM::DaemonOTFDequeuer 
===  filter")
===   CmdPublishSsmFP : public CmdPublishProcessFP 
===  CoverTestCmdPublishSsmFP
===   CmdPublishSsmAsmFP : public CmdPublishProcessFP 
===  BoiPubSCInterface
===  PublicationFlightPeriod
===   CmdPubToExternalSystems : public CmdPubToSystemsCommon 
===  FldNGIActionType
===  FldPublicationActionType
===   CmdPublishJdsSC : public CmdPublishProcessSC 
===   CmdPublishSsim8FP : public CmdPublishProcessFP 
===   CmdDmCSForwarder_OHF : public SKD::CmdForwardPub_OHF 
===  FlightDateId
===  PublicationFlightPeriod
===  FlightDateStatus
===  PublicationStatus
===   CmdPubManageFlightDateStatus : public COM::CmdAbstract 
===  CoverTestCmdPubManageFlightDateStatus
===  BoiPubSCInterface
===  PublicationStatus
===  BoiPubScheduleChange
===   CmdPubManagePublicationStatus : public COM::CmdAbstract 
===  filters:")
===  BoiManageFlix
===  MsiManageFlix
===  Flix
===  FlightPeriod
===   CmdManageFlix : public COM::CmdAbstract 
===  CoverTestCmdManageFlix
===  CmdNotifySkdUpdateToOpr : public COM::CmdAbstract 
===  CoverTestCmdNotifySkdUpdateToOpr
===  Period
===  FlightPeriod
===  PublicationFlightPeriod
===  CmdBookingClassFilter 
===  FlightPeriod
===  PublicationStatus
===  BoiFlightPeriodToPublish
===   CmdPublishSsim8ListFP : public CmdPublishProcessListFP 
===  PrxExceptionCommunication
===  FldPublicationStatus
===  PublicationStatus
===  SKDCmdForwardPubAirlineFilter : public COM::DaemonAirlineFilter 
===    CmdForwardPub_OHF: public COM::DaemonOTFForwarder 
===   CmdPublishProcessBatch : public CmdPublishProcess 
===  FldNGIActionType
===  FldPublicationActionType
===   CmdPublishSsim8SC : public CmdPublishProcessSC 
===  CmdNotifySkdUpdateToFld : public COM::CmdAbstract 
===  MsiPublicationAckNack
===  BoiSSIMAckNack
===   CmdSSIMAckNack : public COM::CmdAbstract 
===  CmdDmFldForwarder: public CmdForwardPub_OHF 
